<?xml version="1.0" encoding="UTF-8"?>
<!-- Generated by org.testng.reporters.JUnitReportReporter -->
<testsuite hostname="LAPTOP-G516L4OI" failures="0" tests="2" name="CKMN.Selenium" time="0.002" errors="0" timestamp="2021-12-25T08:01:16 IST" skipped="0">
  <testcase classname="CKMN.Selenium" name="BrowserAutomation" time="0.001"/>
  <system-out/>
  <testcase classname="CKMN.Selenium" name="ElementUI" time="0.001"/>
  <system-out/>
</testsuite> <!-- CKMN.Selenium -->
