<?xml version="1.0" encoding="UTF-8"?>
<!-- Generated by org.testng.reporters.JUnitReportReporter -->
<testsuite hostname="LAPTOP-G516L4OI" failures="0" tests="2" name="CKMN.Appium" time="0.013" errors="0" timestamp="2021-12-25T08:01:38 IST" skipped="0">
  <testcase classname="CKMN.Appium" name="AndroidApi" time="0.012"/>
  <system-out/>
  <testcase classname="CKMN.Appium" name="IOSApi" time="0.001"/>
  <system-out/>
</testsuite> <!-- CKMN.Appium -->
