<?xml version="1.0" encoding="UTF-8"?>
<!-- Generated by org.testng.reporters.JUnitReportReporter -->
<testsuite hostname="LAPTOP-G516L4OI" failures="0" tests="2" name="CKMN.Appium" time="0.008" errors="0" timestamp="2022-01-14T20:31:56 IST" skipped="0">
  <testcase classname="CKMN.Appium" name="AndroidApi" time="0.008"/>
  <system-out/>
  <testcase classname="CKMN.Appium" name="IOSApi" time="0.000"/>
  <system-out/>
</testsuite> <!-- CKMN.Appium -->
