<?xml version="1.0" encoding="UTF-8"?>
<!-- Generated by org.testng.reporters.JUnitReportReporter -->
<testsuite hostname="LAPTOP-G516L4OI" failures="0" tests="2" name="CKMN.Selenium" time="0.000" errors="0" timestamp="2022-01-14T20:31:56 IST" skipped="0">
  <testcase classname="CKMN.Selenium" name="BrowserAutomation" time="0.000"/>
  <system-out/>
  <testcase classname="CKMN.Selenium" name="ElementUI" time="0.000"/>
  <system-out/>
</testsuite> <!-- CKMN.Selenium -->
